0 info it worked if it ends with ok
1 verbose cli [ 'C:\\Program Files\\nodejs\\node.exe',
1 verbose cli   'C:\\Program Files\\nodejs\\node_modules\\npm\\bin\\npm-cli.js',
1 verbose cli   'update' ]
2 info using npm@3.9.3
3 info using node@v6.2.1
4 silly mapToRegistry name datatables-buttons
5 silly mapToRegistry using default registry
6 silly mapToRegistry registry https://registry.npmjs.org/
7 silly mapToRegistry data Result {
7 silly mapToRegistry   raw: 'datatables-buttons',
7 silly mapToRegistry   scope: null,
7 silly mapToRegistry   name: 'datatables-buttons',
7 silly mapToRegistry   rawSpec: '',
7 silly mapToRegistry   spec: 'latest',
7 silly mapToRegistry   type: 'tag' }
8 silly mapToRegistry uri https://registry.npmjs.org/datatables-buttons
9 silly mapToRegistry name jszip
10 silly mapToRegistry using default registry
11 silly mapToRegistry registry https://registry.npmjs.org/
12 silly mapToRegistry data Result {
12 silly mapToRegistry   raw: 'jszip',
12 silly mapToRegistry   scope: null,
12 silly mapToRegistry   name: 'jszip',
12 silly mapToRegistry   rawSpec: '',
12 silly mapToRegistry   spec: 'latest',
12 silly mapToRegistry   type: 'tag' }
13 silly mapToRegistry uri https://registry.npmjs.org/jszip
14 silly mapToRegistry name pdfmake
15 silly mapToRegistry using default registry
16 silly mapToRegistry registry https://registry.npmjs.org/
17 silly mapToRegistry data Result {
17 silly mapToRegistry   raw: 'pdfmake',
17 silly mapToRegistry   scope: null,
17 silly mapToRegistry   name: 'pdfmake',
17 silly mapToRegistry   rawSpec: '',
17 silly mapToRegistry   spec: 'latest',
17 silly mapToRegistry   type: 'tag' }
18 silly mapToRegistry uri https://registry.npmjs.org/pdfmake
19 silly mapToRegistry name datatables
20 silly mapToRegistry using default registry
21 silly mapToRegistry registry https://registry.npmjs.org/
22 silly mapToRegistry data Result {
22 silly mapToRegistry   raw: 'datatables',
22 silly mapToRegistry   scope: null,
22 silly mapToRegistry   name: 'datatables',
22 silly mapToRegistry   rawSpec: '',
22 silly mapToRegistry   spec: 'latest',
22 silly mapToRegistry   type: 'tag' }
23 silly mapToRegistry uri https://registry.npmjs.org/datatables
24 verbose request uri https://registry.npmjs.org/jszip
25 verbose request no auth needed
26 info attempt registry request try #1 at 11:37:07
27 verbose request id 98fe02b816796577
28 verbose etag W/"593a5c64-8677"
29 verbose lastModified Fri, 09 Jun 2017 08:29:24 GMT
30 http request GET https://registry.npmjs.org/jszip
31 verbose request uri https://registry.npmjs.org/datatables-buttons
32 verbose request no auth needed
33 info attempt registry request try #1 at 11:37:07
34 verbose etag W/"56737da1-b14"
35 verbose lastModified Fri, 18 Dec 2015 03:29:37 GMT
36 http request GET https://registry.npmjs.org/datatables-buttons
37 verbose request uri https://registry.npmjs.org/datatables
38 verbose request no auth needed
39 info attempt registry request try #1 at 11:37:07
40 verbose etag W/"592e7753-54a9"
41 verbose lastModified Wed, 31 May 2017 07:57:07 GMT
42 http request GET https://registry.npmjs.org/datatables
43 verbose request uri https://registry.npmjs.org/pdfmake
44 verbose request no auth needed
45 info attempt registry request try #1 at 11:37:07
46 verbose etag W/"59461833-12ae6"
47 verbose lastModified Sun, 18 Jun 2017 06:05:39 GMT
48 http request GET https://registry.npmjs.org/pdfmake
49 http 304 https://registry.npmjs.org/datatables
50 verbose headers { date: 'Fri, 23 Jun 2017 16:37:11 GMT',
50 verbose headers   via: '1.1 varnish',
50 verbose headers   'cache-control': 'max-age=300',
50 verbose headers   etag: 'W/"592e7753-54a9"',
50 verbose headers   age: '0',
50 verbose headers   connection: 'keep-alive',
50 verbose headers   'x-served-by': 'cache-atl6225-ATL',
50 verbose headers   'x-cache': 'MISS',
50 verbose headers   'x-cache-hits': '0',
50 verbose headers   'x-timer': 'S1498235831.217432,VS0,VE38',
50 verbose headers   vary: 'Accept-Encoding' }
51 silly get cb [ 304,
51 silly get   { date: 'Fri, 23 Jun 2017 16:37:11 GMT',
51 silly get     via: '1.1 varnish',
51 silly get     'cache-control': 'max-age=300',
51 silly get     etag: 'W/"592e7753-54a9"',
51 silly get     age: '0',
51 silly get     connection: 'keep-alive',
51 silly get     'x-served-by': 'cache-atl6225-ATL',
51 silly get     'x-cache': 'MISS',
51 silly get     'x-cache-hits': '0',
51 silly get     'x-timer': 'S1498235831.217432,VS0,VE38',
51 silly get     vary: 'Accept-Encoding' } ]
52 verbose etag https://registry.npmjs.org/datatables from cache
53 verbose get saving datatables to C:\Users\Jhainey\AppData\Roaming\npm-cache\registry.npmjs.org\datatables\.cache.json
54 verbose correctMkdir C:\Users\Jhainey\AppData\Roaming\npm-cache correctMkdir not in flight; initializing
55 http 304 https://registry.npmjs.org/jszip
56 verbose headers { date: 'Fri, 23 Jun 2017 16:37:11 GMT',
56 verbose headers   via: '1.1 varnish',
56 verbose headers   'cache-control': 'max-age=300',
56 verbose headers   etag: 'W/"593a5c64-8677"',
56 verbose headers   age: '0',
56 verbose headers   connection: 'keep-alive',
56 verbose headers   'x-served-by': 'cache-atl6221-ATL',
56 verbose headers   'x-cache': 'HIT',
56 verbose headers   'x-cache-hits': '1',
56 verbose headers   'x-timer': 'S1498235831.214667,VS0,VE55',
56 verbose headers   vary: 'Accept-Encoding' }
57 silly get cb [ 304,
57 silly get   { date: 'Fri, 23 Jun 2017 16:37:11 GMT',
57 silly get     via: '1.1 varnish',
57 silly get     'cache-control': 'max-age=300',
57 silly get     etag: 'W/"593a5c64-8677"',
57 silly get     age: '0',
57 silly get     connection: 'keep-alive',
57 silly get     'x-served-by': 'cache-atl6221-ATL',
57 silly get     'x-cache': 'HIT',
57 silly get     'x-cache-hits': '1',
57 silly get     'x-timer': 'S1498235831.214667,VS0,VE55',
57 silly get     vary: 'Accept-Encoding' } ]
58 verbose etag https://registry.npmjs.org/jszip from cache
59 verbose get saving jszip to C:\Users\Jhainey\AppData\Roaming\npm-cache\registry.npmjs.org\jszip\.cache.json
60 verbose correctMkdir C:\Users\Jhainey\AppData\Roaming\npm-cache correctMkdir already in flight; waiting
61 http 304 https://registry.npmjs.org/pdfmake
62 verbose headers { date: 'Fri, 23 Jun 2017 16:37:11 GMT',
62 verbose headers   via: '1.1 varnish',
62 verbose headers   'cache-control': 'max-age=300',
62 verbose headers   etag: 'W/"59461833-12ae6"',
62 verbose headers   age: '0',
62 verbose headers   connection: 'keep-alive',
62 verbose headers   'x-served-by': 'cache-atl6233-ATL',
62 verbose headers   'x-cache': 'HIT',
62 verbose headers   'x-cache-hits': '1',
62 verbose headers   'x-timer': 'S1498235831.213859,VS0,VE55',
62 verbose headers   vary: 'Accept-Encoding' }
63 silly get cb [ 304,
63 silly get   { date: 'Fri, 23 Jun 2017 16:37:11 GMT',
63 silly get     via: '1.1 varnish',
63 silly get     'cache-control': 'max-age=300',
63 silly get     etag: 'W/"59461833-12ae6"',
63 silly get     age: '0',
63 silly get     connection: 'keep-alive',
63 silly get     'x-served-by': 'cache-atl6233-ATL',
63 silly get     'x-cache': 'HIT',
63 silly get     'x-cache-hits': '1',
63 silly get     'x-timer': 'S1498235831.213859,VS0,VE55',
63 silly get     vary: 'Accept-Encoding' } ]
64 verbose etag https://registry.npmjs.org/pdfmake from cache
65 verbose get saving pdfmake to C:\Users\Jhainey\AppData\Roaming\npm-cache\registry.npmjs.org\pdfmake\.cache.json
66 verbose correctMkdir C:\Users\Jhainey\AppData\Roaming\npm-cache correctMkdir already in flight; waiting
67 http 304 https://registry.npmjs.org/datatables-buttons
68 verbose headers { date: 'Fri, 23 Jun 2017 16:37:11 GMT',
68 verbose headers   via: '1.1 varnish',
68 verbose headers   'cache-control': 'max-age=300',
68 verbose headers   etag: 'W/"56737da1-b14"',
68 verbose headers   age: '0',
68 verbose headers   connection: 'keep-alive',
68 verbose headers   'x-served-by': 'cache-atl6230-ATL',
68 verbose headers   'x-cache': 'MISS',
68 verbose headers   'x-cache-hits': '0',
68 verbose headers   'x-timer': 'S1498235831.213489,VS0,VE54',
68 verbose headers   vary: 'Accept-Encoding' }
69 silly get cb [ 304,
69 silly get   { date: 'Fri, 23 Jun 2017 16:37:11 GMT',
69 silly get     via: '1.1 varnish',
69 silly get     'cache-control': 'max-age=300',
69 silly get     etag: 'W/"56737da1-b14"',
69 silly get     age: '0',
69 silly get     connection: 'keep-alive',
69 silly get     'x-served-by': 'cache-atl6230-ATL',
69 silly get     'x-cache': 'MISS',
69 silly get     'x-cache-hits': '0',
69 silly get     'x-timer': 'S1498235831.213489,VS0,VE54',
69 silly get     vary: 'Accept-Encoding' } ]
70 verbose etag https://registry.npmjs.org/datatables-buttons from cache
71 verbose get saving datatables-buttons to C:\Users\Jhainey\AppData\Roaming\npm-cache\registry.npmjs.org\datatables-buttons\.cache.json
72 verbose correctMkdir C:\Users\Jhainey\AppData\Roaming\npm-cache correctMkdir already in flight; waiting
73 silly cache add args [ 'datatables', '^1.10.15' ]
74 verbose cache add spec datatables@^1.10.15
75 silly cache add parsed spec Result {
75 silly cache add   raw: 'datatables@^1.10.15',
75 silly cache add   scope: null,
75 silly cache add   name: 'datatables',
75 silly cache add   rawSpec: '^1.10.15',
75 silly cache add   spec: '>=1.10.15 <2.0.0',
75 silly cache add   type: 'range' }
76 silly addNamed datatables@>=1.10.15 <2.0.0
77 verbose addNamed ">=1.10.15 <2.0.0" is a valid semver range for datatables
78 silly addNameRange { name: 'datatables', range: '>=1.10.15 <2.0.0', hasData: false }
79 silly mapToRegistry name datatables
80 silly mapToRegistry using default registry
81 silly mapToRegistry registry https://registry.npmjs.org/
82 silly mapToRegistry data Result {
82 silly mapToRegistry   raw: 'datatables',
82 silly mapToRegistry   scope: null,
82 silly mapToRegistry   name: 'datatables',
82 silly mapToRegistry   rawSpec: '',
82 silly mapToRegistry   spec: 'latest',
82 silly mapToRegistry   type: 'tag' }
83 silly mapToRegistry uri https://registry.npmjs.org/datatables
84 verbose addNameRange registry:https://registry.npmjs.org/datatables not in flight; fetching
85 verbose get https://registry.npmjs.org/datatables not expired, no request
86 silly addNameRange number 2 { name: 'datatables', range: '>=1.10.15 <2.0.0', hasData: true }
87 silly addNameRange versions [ 'datatables',
87 silly addNameRange   [ '1.10.5-dev',
87 silly addNameRange     '1.10.5',
87 silly addNameRange     '1.10.6',
87 silly addNameRange     '1.10.7',
87 silly addNameRange     '1.10.8',
87 silly addNameRange     '1.10.9',
87 silly addNameRange     '1.10.12-dev',
87 silly addNameRange     '1.10.11',
87 silly addNameRange     '1.10.12',
87 silly addNameRange     '1.10.13' ] ]
88 verbose stack Error: No compatible version found: datatables@'>=1.10.15 <2.0.0'
88 verbose stack Valid install targets:
88 verbose stack 1.10.5-dev, 1.10.5, 1.10.6, 1.10.7, 1.10.8, 1.10.9, 1.10.12-dev, 1.10.11, 1.10.12, 1.10.13
88 verbose stack
88 verbose stack     at installTargetsError (C:\Program Files\nodejs\node_modules\npm\lib\cache\add-named.js:292:12)
88 verbose stack     at next (C:\Program Files\nodejs\node_modules\npm\lib\cache\add-named.js:270:19)
88 verbose stack     at setData (C:\Program Files\nodejs\node_modules\npm\lib\cache\add-named.js:242:5)
88 verbose stack     at RES (C:\Program Files\nodejs\node_modules\npm\node_modules\inflight\inflight.js:23:14)
88 verbose stack     at f (C:\Program Files\nodejs\node_modules\npm\node_modules\once\once.js:17:25)
88 verbose stack     at fixName (C:\Program Files\nodejs\node_modules\npm\lib\cache\add-named.js:30:5)
88 verbose stack     at C:\Program Files\nodejs\node_modules\npm\lib\utils\pulse-till-done.js:19:8
88 verbose stack     at CachingRegistryClient.get_ (C:\Program Files\nodejs\node_modules\npm\lib\cache\caching-client.js:126:16)
88 verbose stack     at C:\Program Files\nodejs\node_modules\npm\lib\cache\caching-client.js:91:14
88 verbose stack     at C:\Program Files\nodejs\node_modules\npm\node_modules\graceful-fs\graceful-fs.js:78:16
89 verbose cwd C:\Program Files\VertrigoServ2.41\www\sid
90 error Windows_NT 6.1.7600
91 error argv "C:\\Program Files\\nodejs\\node.exe" "C:\\Program Files\\nodejs\\node_modules\\npm\\bin\\npm-cli.js" "update"
92 error node v6.2.1
93 error npm  v3.9.3
94 error code ETARGET
95 error notarget No compatible version found: datatables@'>=1.10.15 <2.0.0'
95 error notarget Valid install targets:
95 error notarget 1.10.5-dev, 1.10.5, 1.10.6, 1.10.7, 1.10.8, 1.10.9, 1.10.12-dev, 1.10.11, 1.10.12, 1.10.13
96 error notarget This is most likely not a problem with npm itself.
96 error notarget In most cases you or one of your dependencies are requesting
96 error notarget a package version that doesn't exist.
97 verbose exit [ 1, true ]
